This is pdfTeX, Version 3.1415926-1.40.10 (TeX Live 2009) (format=latex 2012.5.8)  26 OCT 2012 16:43
entering extended mode
 restricted \write18 enabled.
 %&-line parsing enabled.
**body.tex
(./body.tex
LaTeX2e <2009/09/24>
Babel <v3.8l> and hyphenation patterns for english, usenglishmax, dumylang, noh
yphenation, german-x-2009-06-19, ngerman-x-2009-06-19, ancientgreek, ibycus, ar
abic, basque, bulgarian, catalan, pinyin, coptic, croatian, czech, danish, dutc
h, esperanto, estonian, farsi, finnish, french, galician, german, ngerman, mono
greek, greek, hungarian, icelandic, indonesian, interlingua, irish, italian, ku
rmanji, latin, latvian, lithuanian, mongolian, mongolian2a, bokmal, nynorsk, po
lish, portuguese, romanian, russian, sanskrit, serbian, slovak, slovenian, span
ish, swedish, turkish, ukenglish, ukrainian, uppersorbian, welsh, loaded.
(./IEEEtran.cls
Document Class: IEEEtran 2007/03/05 V1.7a by Michael Shell
-- See the "IEEEtran_HOWTO" manual for usage information.
-- http://www.michaelshell.org/tex/ieeetran/
\@IEEEtrantmpdimenA=\dimen102
\@IEEEtrantmpdimenB=\dimen103
\@IEEEtrantmpcountA=\count79
\@IEEEtrantmpcountB=\count80
\@IEEEtrantmptoksA=\toks14
LaTeX Font Info:    Try loading font information for OT1+ptm on input line 366.


(/nix/store/yk82ssb6aiiazxs7qghj2jvxkgig2ngl-TeXLive-linkdir/texmf-dist/tex/lat
ex/psnfss/ot1ptm.fd
File: ot1ptm.fd 2001/06/04 font definitions for OT1/ptm.
)
-- Using 8.5in x 11in (letter) paper.
-- Using DVI output.
\@IEEEnormalsizeunitybaselineskip=\dimen104
-- This is a 10 point document.
\CLASSINFOnormalsizebaselineskip=\dimen105
\CLASSINFOnormalsizeunitybaselineskip=\dimen106
\IEEEnormaljot=\dimen107
LaTeX Font Info:    Font shape `OT1/ptm/bx/n' in size <5> not available
(Font)              Font shape `OT1/ptm/b/n' tried instead on input line 724.
LaTeX Font Info:    Font shape `OT1/ptm/bx/it' in size <5> not available
(Font)              Font shape `OT1/ptm/b/it' tried instead on input line 724.
LaTeX Font Info:    Font shape `OT1/ptm/bx/n' in size <7> not available
(Font)              Font shape `OT1/ptm/b/n' tried instead on input line 724.
LaTeX Font Info:    Font shape `OT1/ptm/bx/it' in size <7> not available
(Font)              Font shape `OT1/ptm/b/it' tried instead on input line 724.
LaTeX Font Info:    Font shape `OT1/ptm/bx/n' in size <8> not available
(Font)              Font shape `OT1/ptm/b/n' tried instead on input line 724.
LaTeX Font Info:    Font shape `OT1/ptm/bx/it' in size <8> not available
(Font)              Font shape `OT1/ptm/b/it' tried instead on input line 724.
LaTeX Font Info:    Font shape `OT1/ptm/bx/n' in size <9> not available
(Font)              Font shape `OT1/ptm/b/n' tried instead on input line 724.
LaTeX Font Info:    Font shape `OT1/ptm/bx/it' in size <9> not available
(Font)              Font shape `OT1/ptm/b/it' tried instead on input line 724.
LaTeX Font Info:    Font shape `OT1/ptm/bx/n' in size <10> not available
(Font)              Font shape `OT1/ptm/b/n' tried instead on input line 724.
LaTeX Font Info:    Font shape `OT1/ptm/bx/it' in size <10> not available
(Font)              Font shape `OT1/ptm/b/it' tried instead on input line 724.
LaTeX Font Info:    Font shape `OT1/ptm/bx/n' in size <11> not available
(Font)              Font shape `OT1/ptm/b/n' tried instead on input line 724.
LaTeX Font Info:    Font shape `OT1/ptm/bx/it' in size <11> not available
(Font)              Font shape `OT1/ptm/b/it' tried instead on input line 724.
LaTeX Font Info:    Font shape `OT1/ptm/bx/n' in size <12> not available
(Font)              Font shape `OT1/ptm/b/n' tried instead on input line 724.
LaTeX Font Info:    Font shape `OT1/ptm/bx/it' in size <12> not available
(Font)              Font shape `OT1/ptm/b/it' tried instead on input line 724.
LaTeX Font Info:    Font shape `OT1/ptm/bx/n' in size <17> not available
(Font)              Font shape `OT1/ptm/b/n' tried instead on input line 724.
LaTeX Font Info:    Font shape `OT1/ptm/bx/it' in size <17> not available
(Font)              Font shape `OT1/ptm/b/it' tried instead on input line 724.
LaTeX Font Info:    Font shape `OT1/ptm/bx/n' in size <20> not available
(Font)              Font shape `OT1/ptm/b/n' tried instead on input line 724.
LaTeX Font Info:    Font shape `OT1/ptm/bx/it' in size <20> not available
(Font)              Font shape `OT1/ptm/b/it' tried instead on input line 724.
LaTeX Font Info:    Font shape `OT1/ptm/bx/n' in size <24> not available
(Font)              Font shape `OT1/ptm/b/n' tried instead on input line 724.
LaTeX Font Info:    Font shape `OT1/ptm/bx/it' in size <24> not available
(Font)              Font shape `OT1/ptm/b/it' tried instead on input line 724.
\IEEEilabelindentA=\dimen108
\IEEEilabelindentB=\dimen109
\IEEEilabelindent=\dimen110
\IEEEelabelindent=\dimen111
\IEEEdlabelindent=\dimen112
\IEEElabelindent=\dimen113
\IEEEiednormlabelsep=\dimen114
\IEEEiedmathlabelsep=\dimen115
\IEEEiedtopsep=\skip41
\c@section=\count81
\c@subsection=\count82
\c@subsubsection=\count83
\c@paragraph=\count84
\c@IEEEsubequation=\count85
\abovecaptionskip=\skip42
\belowcaptionskip=\skip43
\c@figure=\count86
\c@table=\count87
\@IEEEeqnnumcols=\count88
\@IEEEeqncolcnt=\count89
\@IEEEtmpitemindent=\dimen116
\c@IEEEbiography=\count90
\@IEEEtranrubishbin=\box26
)
(/nix/store/yk82ssb6aiiazxs7qghj2jvxkgig2ngl-TeXLive-linkdir/texmf-dist/tex/lat
ex/amsfonts/amsfonts.sty
Package: amsfonts 2009/06/22 v3.00 Basic AMSFonts support
\@emptytoks=\toks15
\symAMSa=\mathgroup4
\symAMSb=\mathgroup5
LaTeX Font Info:    Overwriting math alphabet `\mathfrak' in version `bold'
(Font)                  U/euf/m/n --> U/euf/b/n on input line 96.
)
(/nix/store/yk82ssb6aiiazxs7qghj2jvxkgig2ngl-TeXLive-linkdir/texmf-dist/tex/lat
ex/stmaryrd/stmaryrd.sty
Package: stmaryrd 1994/03/03 St Mary's Road symbol package
\symstmry=\mathgroup6
LaTeX Font Info:    Overwriting symbol font `stmry' in version `bold'
(Font)                  U/stmry/m/n --> U/stmry/b/n on input line 89.
)
(/nix/store/yk82ssb6aiiazxs7qghj2jvxkgig2ngl-TeXLive-linkdir/texmf-dist/tex/lat
ex/was/upgreek.sty
Package: upgreek 2003/02/12 v2.0 (WaS)
Package upgreek Info: Using Euler Roman for upright Greek on input line 31.
\symugrf@m=\mathgroup7
LaTeX Font Info:    Overwriting symbol font `ugrf@m' in version `bold'
(Font)                  U/eur/m/n --> U/eur/b/n on input line 38.
)
(/nix/store/yk82ssb6aiiazxs7qghj2jvxkgig2ngl-TeXLive-linkdir/texmf-dist/tex/lat
ex/ltxmisc/url.sty
\Urlmuskip=\muskip10
Package: url 2006/04/12  ver 3.3  Verb mode for urls, etc.
)
(/nix/store/yk82ssb6aiiazxs7qghj2jvxkgig2ngl-TeXLive-linkdir/texmf-dist/tex/gen
eric/babel/babel.sty
Package: babel 2008/07/06 v3.8l The Babel package

(/nix/store/yk82ssb6aiiazxs7qghj2jvxkgig2ngl-TeXLive-linkdir/texmf-dist/tex/gen
eric/babel/greek.ldf
Language: greek 2005/03/30 v1.3l Greek support from the babel system

(/nix/store/yk82ssb6aiiazxs7qghj2jvxkgig2ngl-TeXLive-linkdir/texmf-dist/tex/gen
eric/babel/babel.def
File: babel.def 2008/07/06 v3.8l Babel common definitions
\babel@savecnt=\count91
\U@D=\dimen117
) Loading the definitions for the Greek font encoding
(/nix/store/yk82ssb6aiiazxs7qghj2jvxkgig2ngl-TeXLive-linkdir/texmf-dist/tex/gen
eric/babel/lgrenc.def
File: lgrenc.def 2008/06/17 v2.3 Greek Encoding
))
(/nix/store/yk82ssb6aiiazxs7qghj2jvxkgig2ngl-TeXLive-linkdir/texmf-dist/tex/gen
eric/babel/english.ldf
Language: english 2005/03/30 v3.3o English support from the babel system
\l@canadian = a dialect from \language\l@american 
\l@australian = a dialect from \language\l@british 
\l@newzealand = a dialect from \language\l@british 
))
(/nix/store/yk82ssb6aiiazxs7qghj2jvxkgig2ngl-TeXLive-linkdir/texmf-dist/tex/lat
ex/graphics/color.sty
Package: color 2005/11/14 v1.0j Standard LaTeX Color (DPC)

(/nix/store/yk82ssb6aiiazxs7qghj2jvxkgig2ngl-TeXLive-linkdir/texmf-dist/tex/lat
ex/latexconfig/color.cfg
File: color.cfg 2007/01/18 v1.5 color configuration of teTeX/TeXLive
)
Package color Info: Driver file: dvips.def on input line 130.

(/nix/store/yk82ssb6aiiazxs7qghj2jvxkgig2ngl-TeXLive-linkdir/texmf-dist/tex/lat
ex/graphics/dvips.def
File: dvips.def 1999/02/16 v3.0i Driver-dependant file (DPC,SPQR)
)
(/nix/store/yk82ssb6aiiazxs7qghj2jvxkgig2ngl-TeXLive-linkdir/texmf-dist/tex/lat
ex/graphics/dvipsnam.def
File: dvipsnam.def 1999/02/16 v3.0i Driver-dependant file (DPC,SPQR)
))
(/nix/store/yk82ssb6aiiazxs7qghj2jvxkgig2ngl-TeXLive-linkdir/texmf-dist/tex/lat
ex/ucs/ucs.sty
Package: ucs 2004/10/17 UCS: Unicode input support

(/nix/store/yk82ssb6aiiazxs7qghj2jvxkgig2ngl-TeXLive-linkdir/texmf-dist/tex/lat
ex/ucs/data/uni-global.def
File: uni-global.def 2004/10/17 UCS: Unicode global data
)
\uc@secondtry=\count92
\uc@combtoks=\toks16
\uc@combtoksb=\toks17
\uc@temptokena=\toks18
)
(/nix/store/yk82ssb6aiiazxs7qghj2jvxkgig2ngl-TeXLive-linkdir/texmf-dist/tex/lat
ex/base/inputenc.sty
Package: inputenc 2008/03/30 v1.1d Input encoding file
\inpenc@prehook=\toks19
\inpenc@posthook=\toks20

(/nix/store/yk82ssb6aiiazxs7qghj2jvxkgig2ngl-TeXLive-linkdir/texmf-dist/tex/lat
ex/ucs/utf8x.def
File: utf8x.def 2004/10/17 UCS: Input encoding UTF-8
))
No file body.aux.
\openout1 = `body.aux'.

LaTeX Font Info:    Checking defaults for OML/cmm/m/it on input line 69.
LaTeX Font Info:    ... okay on input line 69.
LaTeX Font Info:    Checking defaults for T1/cmr/m/n on input line 69.
LaTeX Font Info:    ... okay on input line 69.
LaTeX Font Info:    Checking defaults for OT1/cmr/m/n on input line 69.
LaTeX Font Info:    ... okay on input line 69.
LaTeX Font Info:    Checking defaults for OMS/cmsy/m/n on input line 69.
LaTeX Font Info:    ... okay on input line 69.
LaTeX Font Info:    Checking defaults for OMX/cmex/m/n on input line 69.
LaTeX Font Info:    ... okay on input line 69.
LaTeX Font Info:    Checking defaults for U/cmr/m/n on input line 69.
LaTeX Font Info:    ... okay on input line 69.
LaTeX Font Info:    Checking defaults for LGR/cmr/m/n on input line 69.
LaTeX Font Info:    Try loading font information for LGR+cmr on input line 69.

(/nix/store/yk82ssb6aiiazxs7qghj2jvxkgig2ngl-TeXLive-linkdir/texmf-dist/tex/lat
ex/cbfonts/lgrcmr.fd
File: lgrcmr.fd 2008/01/04 v1.0 Greek Computer Modern
)
LaTeX Font Info:    ... okay on input line 69.

(/nix/store/yk82ssb6aiiazxs7qghj2jvxkgig2ngl-TeXLive-linkdir/texmf-dist/tex/lat
ex/ucs/ucsencs.def
File: ucsencs.def 2003/11/29 Fixes to fontencodings LGR, T3

fontencoding LGR patched
)

LaTeX Warning: Citation `2009_mokhov_phd' on page 1 undefined on input line 126
.


LaTeX Warning: Citation `2010_mokhov_ieee' on page 1 undefined on input line 12
6.


LaTeX Warning: Citation `2011_mokhov_pg' on page 1 undefined on input line 135.


LaTeX Font Info:    Try loading font information for U+msa on input line 137.

(/nix/store/yk82ssb6aiiazxs7qghj2jvxkgig2ngl-TeXLive-linkdir/texmf-dist/tex/lat
ex/amsfonts/umsa.fd
File: umsa.fd 2009/06/22 v3.00 AMS symbols A
)
LaTeX Font Info:    Try loading font information for U+msb on input line 137.

(/nix/store/yk82ssb6aiiazxs7qghj2jvxkgig2ngl-TeXLive-linkdir/texmf-dist/tex/lat
ex/amsfonts/umsb.fd
File: umsb.fd 2009/06/22 v3.00 AMS symbols B
)
LaTeX Font Info:    Try loading font information for U+stmry on input line 137.


(/nix/store/yk82ssb6aiiazxs7qghj2jvxkgig2ngl-TeXLive-linkdir/texmf-dist/tex/lat
ex/stmaryrd/Ustmry.fd)

LaTeX Warning: Citation `norell:thesis' on page 1 undefined on input line 146.


(/nix/store/yk82ssb6aiiazxs7qghj2jvxkgig2ngl-TeXLive-linkdir/texmf-dist/tex/lat
ex/ucs/data/uni-0.def
File: uni-0.def 2004/10/17 UCS: Unicode data U+0000..U+00FF
)

LaTeX Warning: Citation `agdalib' on page 1 undefined on input line 150.


(/nix/store/yk82ssb6aiiazxs7qghj2jvxkgig2ngl-TeXLive-linkdir/texmf-dist/tex/lat
ex/ucs/data/uni-34.def
File: uni-34.def 2004/10/17 UCS: Unicode data U+2200..U+22FF
)

! LaTeX Error: Environment code undefined.

See the LaTeX manual or LaTeX Companion for explanation.
Type  H <return>  for immediate help.
 ...                                              
                                                  
l.158 \begin{code}
                  
? x
 
Here is how much of TeX's memory you used:
 3790 strings out of 493849
 57978 string characters out of 3134892
 97304 words of memory out of 3000000
 7054 multiletter control sequences out of 15000+200000
 28516 words of font info for 69 fonts, out of 3000000 for 9000
 714 hyphenation exceptions out of 8191
 26i,9n,22p,804b,478s stack positions out of 5000i,500n,10000p,200000b,50000s
No pages of output.
